[2020-04-14 15:41:47,667][DEBUG][main] Running with Spring Boot v2.2.4.RELEASE, Spring v5.2.3.RELEASE (StartupInfoLogger.java:56)
[2020-04-14 15:44:02,465][DEBUG][main] Running with Spring Boot v2.2.4.RELEASE, Spring v5.2.3.RELEASE (StartupInfoLogger.java:56)
[2020-04-14 15:44:06,672][DEBUG][main] ==>  Preparing: select * from user  (BaseJdbcLogger.java:143)
[2020-04-14 15:44:06,695][DEBUG][main] ==> Parameters:  (BaseJdbcLogger.java:143)
[2020-04-14 15:44:06,714][DEBUG][main] <==      Total: 0 (BaseJdbcLogger.java:143)
[2020-04-14 15:49:05,779][DEBUG][main] Running with Spring Boot v2.1.4.RELEASE, Spring v5.1.6.RELEASE (StartupInfoLogger.java:53)
[2020-04-14 15:49:11,344][DEBUG][main] ==>  Preparing: select * from user  (BaseJdbcLogger.java:143)
[2020-04-14 15:49:11,376][DEBUG][main] ==> Parameters:  (BaseJdbcLogger.java:143)
[2020-04-14 15:49:11,398][DEBUG][main] <==      Total: 0 (BaseJdbcLogger.java:143)
[2020-04-14 15:52:20,553][DEBUG][main] Running with Spring Boot v2.1.4.RELEASE, Spring v5.1.6.RELEASE (StartupInfoLogger.java:53)
[2020-04-14 15:52:25,497][DEBUG][main] ==>  Preparing: select * from user  (BaseJdbcLogger.java:143)
[2020-04-14 15:52:25,521][DEBUG][main] ==> Parameters:  (BaseJdbcLogger.java:143)
[2020-04-14 15:52:25,539][DEBUG][main] <==      Total: 0 (BaseJdbcLogger.java:143)
[2020-04-14 15:53:49,307][DEBUG][main] Running with Spring Boot v2.1.4.RELEASE, Spring v5.1.6.RELEASE (StartupInfoLogger.java:53)
[2020-04-14 15:53:54,393][DEBUG][main] ==>  Preparing: select * from user  (BaseJdbcLogger.java:143)
[2020-04-14 15:53:54,413][DEBUG][main] ==> Parameters:  (BaseJdbcLogger.java:143)
[2020-04-14 15:53:54,431][DEBUG][main] <==      Total: 0 (BaseJdbcLogger.java:143)
[2020-04-14 16:20:42,925][DEBUG][http-nio-8080-exec-2] ==>  Preparing: select * from problem  (BaseJdbcLogger.java:143)
[2020-04-14 16:20:42,926][DEBUG][http-nio-8080-exec-2] ==> Parameters:  (BaseJdbcLogger.java:143)
[2020-04-14 16:20:43,039][DEBUG][http-nio-8080-exec-2] <==      Total: 1350 (BaseJdbcLogger.java:143)
