[2020-04-14 15:41:47,661][INFO ][main] Starting SearchLiteApplication on Mac.local with PID 65203 (/Users/xiangyida/code/java/SearchLite/target/classes started by xiangyida in /Users/xiangyida/code/java/SearchLite) (StartupInfoLogger.java:55)
[2020-04-14 15:41:47,668][INFO ][main] No active profile set, falling back to default profiles: default (SpringApplication.java:651)
[2020-04-14 15:41:48,381][INFO ][main] Multiple Spring Data modules found, entering strict repository configuration mode! (RepositoryConfigurationDelegate.java:249)
[2020-04-14 15:41:48,386][INFO ][main] Bootstrapping Spring Data Elasticsearch repositories in DEFAULT mode. (RepositoryConfigurationDelegate.java:127)
[2020-04-14 15:41:48,451][INFO ][main] Finished Spring Data repository scanning in 59ms. Found 1 Elasticsearch repository interfaces. (RepositoryConfigurationDelegate.java:187)
[2020-04-14 15:41:48,457][INFO ][main] Multiple Spring Data modules found, entering strict repository configuration mode! (RepositoryConfigurationDelegate.java:249)
[2020-04-14 15:41:48,457][INFO ][main] Bootstrapping Spring Data Reactive Elasticsearch repositories in DEFAULT mode. (RepositoryConfigurationDelegate.java:127)
[2020-04-14 15:41:48,467][INFO ][main] Finished Spring Data repository scanning in 9ms. Found 0 Reactive Elasticsearch repository interfaces. (RepositoryConfigurationDelegate.java:187)
[2020-04-14 15:41:48,479][INFO ][main] Multiple Spring Data modules found, entering strict repository configuration mode! (RepositoryConfigurationDelegate.java:249)
[2020-04-14 15:41:48,480][INFO ][main] Bootstrapping Spring Data Redis repositories in DEFAULT mode. (RepositoryConfigurationDelegate.java:127)
[2020-04-14 15:41:48,503][INFO ][main] Spring Data Redis - Could not safely identify store assignment for repository candidate interface xyh.searchlite.search.service.ProblemRepository. If you want this repository to be a Redis repository, consider annotating your entities with one of these annotations: org.springframework.data.redis.core.RedisHash (preferred), or consider extending one of the following types with your repository: org.springframework.data.keyvalue.repository.KeyValueRepository. (RepositoryConfigurationExtensionSupport.java:348)
[2020-04-14 15:41:48,503][INFO ][main] Finished Spring Data repository scanning in 8ms. Found 0 Redis repository interfaces. (RepositoryConfigurationDelegate.java:187)
[2020-04-14 15:41:49,024][INFO ][main] Bean 'org.springframework.transaction.annotation.ProxyTransactionManagementConfiguration' of type [org.springframework.transaction.annotation.ProxyTransactionManagementConfiguration] is not eligible for getting processed by all BeanPostProcessors (for example: not eligible for auto-proxying) (PostProcessorRegistrationDelegate.java:330)
[2020-04-14 15:41:49,289][INFO ][main] Tomcat initialized with port(s): 8080 (http) (TomcatWebServer.java:92)
[2020-04-14 15:41:49,302][INFO ][main] Initializing ProtocolHandler ["http-nio-8080"] (DirectJDKLog.java:173)
[2020-04-14 15:41:49,303][INFO ][main] Starting service [Tomcat] (DirectJDKLog.java:173)
[2020-04-14 15:41:49,304][INFO ][main] Starting Servlet engine: [Apache Tomcat/9.0.30] (DirectJDKLog.java:173)
[2020-04-14 15:41:49,406][INFO ][main] Initializing Spring embedded WebApplicationContext (DirectJDKLog.java:173)
[2020-04-14 15:41:49,406][INFO ][main] Root WebApplicationContext: initialization completed in 1688 ms (ServletWebServerApplicationContext.java:284)
[2020-04-14 15:41:50,121][INFO ][main] no modules loaded (PluginsService.java:197)
[2020-04-14 15:41:50,122][INFO ][main] loaded plugin [org.elasticsearch.index.reindex.ReindexPlugin] (PluginsService.java:200)
[2020-04-14 15:41:50,122][INFO ][main] loaded plugin [org.elasticsearch.join.ParentJoinPlugin] (PluginsService.java:200)
[2020-04-14 15:41:50,122][INFO ][main] loaded plugin [org.elasticsearch.percolator.PercolatorPlugin] (PluginsService.java:200)
[2020-04-14 15:41:50,122][INFO ][main] loaded plugin [org.elasticsearch.script.mustache.MustachePlugin] (PluginsService.java:200)
[2020-04-14 15:41:50,123][INFO ][main] loaded plugin [org.elasticsearch.transport.Netty4Plugin] (PluginsService.java:200)
[2020-04-14 15:41:51,282][INFO ][main] Adding transport node : 127.0.0.1:9300 (TransportClientFactoryBean.java:88)
[2020-04-14 15:41:51,774][INFO ][main] Creating filter chain: any request, [org.springframework.security.web.context.request.async.WebAsyncManagerIntegrationFilter@51e94b7d, org.springframework.security.web.context.SecurityContextPersistenceFilter@3cf8a235, org.springframework.security.web.header.HeaderWriterFilter@60ae7cf2, org.springframework.security.web.authentication.logout.LogoutFilter@3b9c9b8b, org.springframework.security.web.authentication.UsernamePasswordAuthenticationFilter@4ca970d5, org.springframework.security.web.authentication.ui.DefaultLoginPageGeneratingFilter@3caf5c96, org.springframework.security.web.authentication.ui.DefaultLogoutPageGeneratingFilter@47162173, org.springframework.security.web.authentication.www.BasicAuthenticationFilter@780ee3ad, org.springframework.security.web.savedrequest.RequestCacheAwareFilter@238ad211, org.springframework.security.web.servletapi.SecurityContextHolderAwareRequestFilter@136fece2, org.springframework.security.web.authentication.AnonymousAuthenticationFilter@3a4f8e8a, org.springframework.security.web.session.SessionManagementFilter@bc8d68b, org.springframework.security.web.access.ExceptionTranslationFilter@631944d4, org.springframework.security.web.access.intercept.FilterSecurityInterceptor@2a9e754e] (DefaultSecurityFilterChain.java:43)
[2020-04-14 15:41:51,901][INFO ][main] Initializing ExecutorService 'applicationTaskExecutor' (ExecutorConfigurationSupport.java:171)
[2020-04-14 15:41:52,459][INFO ][main] Starting ProtocolHandler ["http-nio-8080"] (DirectJDKLog.java:173)
[2020-04-14 15:41:52,476][INFO ][main] Tomcat started on port(s): 8080 (http) with context path '/searchlite' (TomcatWebServer.java:204)
[2020-04-14 15:41:52,479][INFO ][main] Started SearchLiteApplication in 5.313 seconds (JVM running for 6.489) (StartupInfoLogger.java:61)
[2020-04-14 15:41:52,504][INFO ][main] HikariPool-1 - Starting... (HikariDataSource.java:110)
[2020-04-14 15:41:53,599][INFO ][main] 

Error starting ApplicationContext. To display the conditions report re-run your application with 'debug' enabled. (ConditionEvaluationReportLoggingListener.java:136)
[2020-04-14 15:41:53,606][INFO ][main] Shutting down ExecutorService 'applicationTaskExecutor' (ExecutorConfigurationSupport.java:208)
[2020-04-14 15:44:02,457][INFO ][main] Starting SearchLiteApplication on Mac.local with PID 65815 (/Users/xiangyida/code/java/SearchLite/target/classes started by xiangyida in /Users/xiangyida/code/java/SearchLite) (StartupInfoLogger.java:55)
[2020-04-14 15:44:02,465][INFO ][main] No active profile set, falling back to default profiles: default (SpringApplication.java:651)
[2020-04-14 15:44:03,068][INFO ][main] Multiple Spring Data modules found, entering strict repository configuration mode! (RepositoryConfigurationDelegate.java:249)
[2020-04-14 15:44:03,072][INFO ][main] Bootstrapping Spring Data Elasticsearch repositories in DEFAULT mode. (RepositoryConfigurationDelegate.java:127)
[2020-04-14 15:44:03,135][INFO ][main] Finished Spring Data repository scanning in 58ms. Found 1 Elasticsearch repository interfaces. (RepositoryConfigurationDelegate.java:187)
[2020-04-14 15:44:03,140][INFO ][main] Multiple Spring Data modules found, entering strict repository configuration mode! (RepositoryConfigurationDelegate.java:249)
[2020-04-14 15:44:03,140][INFO ][main] Bootstrapping Spring Data Reactive Elasticsearch repositories in DEFAULT mode. (RepositoryConfigurationDelegate.java:127)
[2020-04-14 15:44:03,150][INFO ][main] Finished Spring Data repository scanning in 9ms. Found 0 Reactive Elasticsearch repository interfaces. (RepositoryConfigurationDelegate.java:187)
[2020-04-14 15:44:03,160][INFO ][main] Multiple Spring Data modules found, entering strict repository configuration mode! (RepositoryConfigurationDelegate.java:249)
[2020-04-14 15:44:03,161][INFO ][main] Bootstrapping Spring Data Redis repositories in DEFAULT mode. (RepositoryConfigurationDelegate.java:127)
[2020-04-14 15:44:03,177][INFO ][main] Spring Data Redis - Could not safely identify store assignment for repository candidate interface xyh.searchlite.search.service.ProblemRepository. If you want this repository to be a Redis repository, consider annotating your entities with one of these annotations: org.springframework.data.redis.core.RedisHash (preferred), or consider extending one of the following types with your repository: org.springframework.data.keyvalue.repository.KeyValueRepository. (RepositoryConfigurationExtensionSupport.java:348)
[2020-04-14 15:44:03,177][INFO ][main] Finished Spring Data repository scanning in 8ms. Found 0 Redis repository interfaces. (RepositoryConfigurationDelegate.java:187)
[2020-04-14 15:44:03,548][INFO ][main] Bean 'org.springframework.transaction.annotation.ProxyTransactionManagementConfiguration' of type [org.springframework.transaction.annotation.ProxyTransactionManagementConfiguration] is not eligible for getting processed by all BeanPostProcessors (for example: not eligible for auto-proxying) (PostProcessorRegistrationDelegate.java:330)
[2020-04-14 15:44:03,735][INFO ][main] Tomcat initialized with port(s): 8080 (http) (TomcatWebServer.java:92)
[2020-04-14 15:44:03,742][INFO ][main] Initializing ProtocolHandler ["http-nio-8080"] (DirectJDKLog.java:173)
[2020-04-14 15:44:03,743][INFO ][main] Starting service [Tomcat] (DirectJDKLog.java:173)
[2020-04-14 15:44:03,743][INFO ][main] Starting Servlet engine: [Apache Tomcat/9.0.30] (DirectJDKLog.java:173)
[2020-04-14 15:44:03,822][INFO ][main] Initializing Spring embedded WebApplicationContext (DirectJDKLog.java:173)
[2020-04-14 15:44:03,823][INFO ][main] Root WebApplicationContext: initialization completed in 1318 ms (ServletWebServerApplicationContext.java:284)
[2020-04-14 15:44:04,427][INFO ][main] no modules loaded (PluginsService.java:197)
[2020-04-14 15:44:04,428][INFO ][main] loaded plugin [org.elasticsearch.index.reindex.ReindexPlugin] (PluginsService.java:200)
[2020-04-14 15:44:04,428][INFO ][main] loaded plugin [org.elasticsearch.join.ParentJoinPlugin] (PluginsService.java:200)
[2020-04-14 15:44:04,428][INFO ][main] loaded plugin [org.elasticsearch.percolator.PercolatorPlugin] (PluginsService.java:200)
[2020-04-14 15:44:04,429][INFO ][main] loaded plugin [org.elasticsearch.script.mustache.MustachePlugin] (PluginsService.java:200)
[2020-04-14 15:44:04,429][INFO ][main] loaded plugin [org.elasticsearch.transport.Netty4Plugin] (PluginsService.java:200)
[2020-04-14 15:44:05,383][INFO ][main] Adding transport node : 127.0.0.1:9300 (TransportClientFactoryBean.java:88)
[2020-04-14 15:44:05,747][INFO ][main] Creating filter chain: any request, [org.springframework.security.web.context.request.async.WebAsyncManagerIntegrationFilter@4489f60f, org.springframework.security.web.context.SecurityContextPersistenceFilter@629cbb1, org.springframework.security.web.header.HeaderWriterFilter@4b09d1c3, org.springframework.security.web.authentication.logout.LogoutFilter@4ca970d5, org.springframework.security.web.authentication.UsernamePasswordAuthenticationFilter@56872fcb, org.springframework.security.web.authentication.ui.DefaultLoginPageGeneratingFilter@3a8fb023, org.springframework.security.web.authentication.ui.DefaultLogoutPageGeneratingFilter@fe08eaf, org.springframework.security.web.authentication.www.BasicAuthenticationFilter@5f2b9da8, org.springframework.security.web.savedrequest.RequestCacheAwareFilter@22cd8ec2, org.springframework.security.web.servletapi.SecurityContextHolderAwareRequestFilter@7d126083, org.springframework.security.web.authentication.AnonymousAuthenticationFilter@6fd9dbe6, org.springframework.security.web.session.SessionManagementFilter@627acb38, org.springframework.security.web.access.ExceptionTranslationFilter@3fe8ad3f, org.springframework.security.web.access.intercept.FilterSecurityInterceptor@27dfd12b] (DefaultSecurityFilterChain.java:43)
[2020-04-14 15:44:05,855][INFO ][main] Initializing ExecutorService 'applicationTaskExecutor' (ExecutorConfigurationSupport.java:171)
[2020-04-14 15:44:06,326][INFO ][main] Starting ProtocolHandler ["http-nio-8080"] (DirectJDKLog.java:173)
[2020-04-14 15:44:06,341][INFO ][main] Tomcat started on port(s): 8080 (http) with context path '/searchlite' (TomcatWebServer.java:204)
[2020-04-14 15:44:06,343][INFO ][main] Started SearchLiteApplication in 4.265 seconds (JVM running for 5.159) (StartupInfoLogger.java:61)
[2020-04-14 15:44:06,362][INFO ][main] HikariPool-1 - Starting... (HikariDataSource.java:110)
[2020-04-14 15:44:06,665][INFO ][main] HikariPool-1 - Start completed. (HikariDataSource.java:123)
[2020-04-14 15:46:34,263][INFO ][SpringContextShutdownHook] Shutting down ExecutorService 'applicationTaskExecutor' (ExecutorConfigurationSupport.java:208)
[2020-04-14 15:46:34,270][INFO ][SpringContextShutdownHook] HikariPool-1 - Shutdown initiated... (HikariDataSource.java:350)
[2020-04-14 15:46:34,279][INFO ][SpringContextShutdownHook] HikariPool-1 - Shutdown completed. (HikariDataSource.java:352)
[2020-04-14 15:49:05,773][INFO ][main] Starting SearchLiteApplication on Mac.local with PID 67144 (/Users/xiangyida/code/java/SearchLite/target/classes started by xiangyida in /Users/xiangyida/code/java/SearchLite) (StartupInfoLogger.java:50)
[2020-04-14 15:49:05,780][INFO ][main] No active profile set, falling back to default profiles: default (SpringApplication.java:675)
[2020-04-14 15:49:06,569][INFO ][main] Multiple Spring Data modules found, entering strict repository configuration mode! (RepositoryConfigurationDelegate.java:244)
[2020-04-14 15:49:06,575][INFO ][main] Bootstrapping Spring Data repositories in DEFAULT mode. (RepositoryConfigurationDelegate.java:126)
[2020-04-14 15:49:06,648][INFO ][main] Finished Spring Data repository scanning in 68ms. Found 1 repository interfaces. (RepositoryConfigurationDelegate.java:182)
[2020-04-14 15:49:06,660][INFO ][main] Multiple Spring Data modules found, entering strict repository configuration mode! (RepositoryConfigurationDelegate.java:244)
[2020-04-14 15:49:06,661][INFO ][main] Bootstrapping Spring Data repositories in DEFAULT mode. (RepositoryConfigurationDelegate.java:126)
[2020-04-14 15:49:06,678][INFO ][main] Spring Data Redis - Could not safely identify store assignment for repository candidate interface xyh.searchlite.search.service.ProblemRepository. (RepositoryConfigurationExtensionSupport.java:363)
[2020-04-14 15:49:06,679][INFO ][main] Finished Spring Data repository scanning in 8ms. Found 0 repository interfaces. (RepositoryConfigurationDelegate.java:182)
[2020-04-14 15:49:07,077][INFO ][main] Bean 'org.springframework.transaction.annotation.ProxyTransactionManagementConfiguration' of type [org.springframework.transaction.annotation.ProxyTransactionManagementConfiguration$$EnhancerBySpringCGLIB$$8e2b16f7] is not eligible for getting processed by all BeanPostProcessors (for example: not eligible for auto-proxying) (PostProcessorRegistrationDelegate.java:330)
[2020-04-14 15:49:07,459][INFO ][main] Tomcat initialized with port(s): 8080 (http) (TomcatWebServer.java:90)
[2020-04-14 15:49:07,474][INFO ][main] Initializing ProtocolHandler ["http-nio-8080"] (DirectJDKLog.java:173)
[2020-04-14 15:49:07,484][INFO ][main] Starting service [Tomcat] (DirectJDKLog.java:173)
[2020-04-14 15:49:07,484][INFO ][main] Starting Servlet engine: [Apache Tomcat/9.0.17] (DirectJDKLog.java:173)
[2020-04-14 15:49:07,599][INFO ][main] Initializing Spring embedded WebApplicationContext (DirectJDKLog.java:173)
[2020-04-14 15:49:07,599][INFO ][main] Root WebApplicationContext: initialization completed in 1767 ms (ServletWebServerApplicationContext.java:296)
[2020-04-14 15:49:08,318][INFO ][main] no modules loaded (PluginsService.java:190)
[2020-04-14 15:49:08,319][INFO ][main] loaded plugin [org.elasticsearch.index.reindex.ReindexPlugin] (PluginsService.java:193)
[2020-04-14 15:49:08,320][INFO ][main] loaded plugin [org.elasticsearch.join.ParentJoinPlugin] (PluginsService.java:193)
[2020-04-14 15:49:08,320][INFO ][main] loaded plugin [org.elasticsearch.percolator.PercolatorPlugin] (PluginsService.java:193)
[2020-04-14 15:49:08,320][INFO ][main] loaded plugin [org.elasticsearch.script.mustache.MustachePlugin] (PluginsService.java:193)
[2020-04-14 15:49:08,320][INFO ][main] loaded plugin [org.elasticsearch.transport.Netty4Plugin] (PluginsService.java:193)
[2020-04-14 15:49:09,536][INFO ][main] Adding transport node : 127.0.0.1:9300 (TransportClientFactoryBean.java:88)
[2020-04-14 15:49:10,073][INFO ][main] Creating filter chain: any request, [org.springframework.security.web.context.request.async.WebAsyncManagerIntegrationFilter@478530cb, org.springframework.security.web.context.SecurityContextPersistenceFilter@1533338c, org.springframework.security.web.header.HeaderWriterFilter@3e04abc5, org.springframework.security.web.authentication.logout.LogoutFilter@34b2d51a, org.springframework.security.web.authentication.UsernamePasswordAuthenticationFilter@646e6d07, org.springframework.security.web.authentication.ui.DefaultLoginPageGeneratingFilter@70543cae, org.springframework.security.web.authentication.ui.DefaultLogoutPageGeneratingFilter@5be7b749, org.springframework.security.web.authentication.www.BasicAuthenticationFilter@7b598d05, org.springframework.security.web.savedrequest.RequestCacheAwareFilter@34e990cc, org.springframework.security.web.servletapi.SecurityContextHolderAwareRequestFilter@6de84336, org.springframework.security.web.authentication.AnonymousAuthenticationFilter@44aeae34, org.springframework.security.web.session.SessionManagementFilter@7ee12d58, org.springframework.security.web.access.ExceptionTranslationFilter@393ae7a0, org.springframework.security.web.access.intercept.FilterSecurityInterceptor@29c244e] (DefaultSecurityFilterChain.java:43)
[2020-04-14 15:49:10,255][INFO ][main] Initializing ExecutorService 'applicationTaskExecutor' (ExecutorConfigurationSupport.java:171)
[2020-04-14 15:49:10,982][INFO ][main] Starting ProtocolHandler ["http-nio-8080"] (DirectJDKLog.java:173)
[2020-04-14 15:49:11,028][INFO ][main] Tomcat started on port(s): 8080 (http) with context path '/searchlite' (TomcatWebServer.java:204)
[2020-04-14 15:49:11,030][INFO ][main] Started SearchLiteApplication in 5.75 seconds (JVM running for 6.726) (StartupInfoLogger.java:59)
[2020-04-14 15:49:11,057][INFO ][main] HikariPool-1 - Starting... (HikariDataSource.java:110)
[2020-04-14 15:49:11,334][INFO ][main] HikariPool-1 - Start completed. (HikariDataSource.java:123)
[2020-04-14 15:52:17,709][INFO ][Thread-3] Shutting down ExecutorService 'applicationTaskExecutor' (ExecutorConfigurationSupport.java:208)
[2020-04-14 15:52:17,722][INFO ][Thread-3] HikariPool-1 - Shutdown initiated... (HikariDataSource.java:350)
[2020-04-14 15:52:17,735][INFO ][Thread-3] HikariPool-1 - Shutdown completed. (HikariDataSource.java:352)
[2020-04-14 15:52:20,547][INFO ][main] Starting SearchLiteApplication on Mac.local with PID 67996 (/Users/xiangyida/code/java/SearchLite/target/classes started by xiangyida in /Users/xiangyida/code/java/SearchLite) (StartupInfoLogger.java:50)
[2020-04-14 15:52:20,554][INFO ][main] No active profile set, falling back to default profiles: default (SpringApplication.java:675)
[2020-04-14 15:52:21,313][INFO ][main] Multiple Spring Data modules found, entering strict repository configuration mode! (RepositoryConfigurationDelegate.java:244)
[2020-04-14 15:52:21,317][INFO ][main] Bootstrapping Spring Data repositories in DEFAULT mode. (RepositoryConfigurationDelegate.java:126)
[2020-04-14 15:52:21,392][INFO ][main] Finished Spring Data repository scanning in 69ms. Found 1 repository interfaces. (RepositoryConfigurationDelegate.java:182)
[2020-04-14 15:52:21,401][INFO ][main] Multiple Spring Data modules found, entering strict repository configuration mode! (RepositoryConfigurationDelegate.java:244)
[2020-04-14 15:52:21,403][INFO ][main] Bootstrapping Spring Data repositories in DEFAULT mode. (RepositoryConfigurationDelegate.java:126)
[2020-04-14 15:52:21,419][INFO ][main] Spring Data Redis - Could not safely identify store assignment for repository candidate interface xyh.searchlite.search.service.ProblemRepository. (RepositoryConfigurationExtensionSupport.java:363)
[2020-04-14 15:52:21,420][INFO ][main] Finished Spring Data repository scanning in 9ms. Found 0 repository interfaces. (RepositoryConfigurationDelegate.java:182)
[2020-04-14 15:52:21,818][INFO ][main] Bean 'org.springframework.transaction.annotation.ProxyTransactionManagementConfiguration' of type [org.springframework.transaction.annotation.ProxyTransactionManagementConfiguration$$EnhancerBySpringCGLIB$$e7a8ba28] is not eligible for getting processed by all BeanPostProcessors (for example: not eligible for auto-proxying) (PostProcessorRegistrationDelegate.java:330)
[2020-04-14 15:52:22,162][INFO ][main] Tomcat initialized with port(s): 8080 (http) (TomcatWebServer.java:90)
[2020-04-14 15:52:22,177][INFO ][main] Initializing ProtocolHandler ["http-nio-8080"] (DirectJDKLog.java:173)
[2020-04-14 15:52:22,186][INFO ][main] Starting service [Tomcat] (DirectJDKLog.java:173)
[2020-04-14 15:52:22,186][INFO ][main] Starting Servlet engine: [Apache Tomcat/9.0.17] (DirectJDKLog.java:173)
[2020-04-14 15:52:22,283][INFO ][main] Initializing Spring embedded WebApplicationContext (DirectJDKLog.java:173)
[2020-04-14 15:52:22,284][INFO ][main] Root WebApplicationContext: initialization completed in 1685 ms (ServletWebServerApplicationContext.java:296)
[2020-04-14 15:52:22,848][INFO ][main] no modules loaded (PluginsService.java:190)
[2020-04-14 15:52:22,849][INFO ][main] loaded plugin [org.elasticsearch.index.reindex.ReindexPlugin] (PluginsService.java:193)
[2020-04-14 15:52:22,849][INFO ][main] loaded plugin [org.elasticsearch.join.ParentJoinPlugin] (PluginsService.java:193)
[2020-04-14 15:52:22,850][INFO ][main] loaded plugin [org.elasticsearch.percolator.PercolatorPlugin] (PluginsService.java:193)
[2020-04-14 15:52:22,850][INFO ][main] loaded plugin [org.elasticsearch.script.mustache.MustachePlugin] (PluginsService.java:193)
[2020-04-14 15:52:22,850][INFO ][main] loaded plugin [org.elasticsearch.transport.Netty4Plugin] (PluginsService.java:193)
[2020-04-14 15:52:23,889][INFO ][main] Adding transport node : 127.0.0.1:9300 (TransportClientFactoryBean.java:88)
[2020-04-14 15:52:24,417][INFO ][main] Creating filter chain: any request, [org.springframework.security.web.context.request.async.WebAsyncManagerIntegrationFilter@1a5b7394, org.springframework.security.web.context.SecurityContextPersistenceFilter@44492c06, org.springframework.security.web.header.HeaderWriterFilter@68a5aadd, org.springframework.security.web.authentication.logout.LogoutFilter@4ffa7041, org.springframework.security.web.authentication.UsernamePasswordAuthenticationFilter@21f91efa, org.springframework.security.web.authentication.ui.DefaultLoginPageGeneratingFilter@2f99d8c, org.springframework.security.web.authentication.ui.DefaultLogoutPageGeneratingFilter@26f75d9c, org.springframework.security.web.authentication.www.BasicAuthenticationFilter@4f7bb8df, org.springframework.security.web.savedrequest.RequestCacheAwareFilter@c94bd18, org.springframework.security.web.servletapi.SecurityContextHolderAwareRequestFilter@5c1c9881, org.springframework.security.web.authentication.AnonymousAuthenticationFilter@7717b4a0, org.springframework.security.web.session.SessionManagementFilter@1a89414e, org.springframework.security.web.access.ExceptionTranslationFilter@b0d3e7, org.springframework.security.web.access.intercept.FilterSecurityInterceptor@3e04abc5] (DefaultSecurityFilterChain.java:43)
[2020-04-14 15:52:24,583][INFO ][main] Initializing ExecutorService 'applicationTaskExecutor' (ExecutorConfigurationSupport.java:171)
[2020-04-14 15:52:25,152][INFO ][main] Starting ProtocolHandler ["http-nio-8080"] (DirectJDKLog.java:173)
[2020-04-14 15:52:25,193][INFO ][main] Tomcat started on port(s): 8080 (http) with context path '/searchlite' (TomcatWebServer.java:204)
[2020-04-14 15:52:25,196][INFO ][main] Started SearchLiteApplication in 5.03 seconds (JVM running for 6.002) (StartupInfoLogger.java:59)
[2020-04-14 15:52:25,217][INFO ][main] HikariPool-1 - Starting... (HikariDataSource.java:110)
[2020-04-14 15:52:25,489][INFO ][main] HikariPool-1 - Start completed. (HikariDataSource.java:123)
[2020-04-14 15:53:47,020][INFO ][Thread-3] Shutting down ExecutorService 'applicationTaskExecutor' (ExecutorConfigurationSupport.java:208)
[2020-04-14 15:53:47,029][INFO ][Thread-3] HikariPool-1 - Shutdown initiated... (HikariDataSource.java:350)
[2020-04-14 15:53:47,039][INFO ][Thread-3] HikariPool-1 - Shutdown completed. (HikariDataSource.java:352)
[2020-04-14 15:53:49,302][INFO ][main] Starting SearchLiteApplication on Mac.local with PID 68387 (/Users/xiangyida/code/java/SearchLite/target/classes started by xiangyida in /Users/xiangyida/code/java/SearchLite) (StartupInfoLogger.java:50)
[2020-04-14 15:53:49,307][INFO ][main] No active profile set, falling back to default profiles: default (SpringApplication.java:675)
[2020-04-14 15:53:49,957][INFO ][main] Multiple Spring Data modules found, entering strict repository configuration mode! (RepositoryConfigurationDelegate.java:244)
[2020-04-14 15:53:49,961][INFO ][main] Bootstrapping Spring Data repositories in DEFAULT mode. (RepositoryConfigurationDelegate.java:126)
[2020-04-14 15:53:50,023][INFO ][main] Finished Spring Data repository scanning in 59ms. Found 1 repository interfaces. (RepositoryConfigurationDelegate.java:182)
[2020-04-14 15:53:50,032][INFO ][main] Multiple Spring Data modules found, entering strict repository configuration mode! (RepositoryConfigurationDelegate.java:244)
[2020-04-14 15:53:50,033][INFO ][main] Bootstrapping Spring Data repositories in DEFAULT mode. (RepositoryConfigurationDelegate.java:126)
[2020-04-14 15:53:50,048][INFO ][main] Spring Data Redis - Could not safely identify store assignment for repository candidate interface xyh.searchlite.search.service.ProblemRepository. (RepositoryConfigurationExtensionSupport.java:363)
[2020-04-14 15:53:50,049][INFO ][main] Finished Spring Data repository scanning in 8ms. Found 0 repository interfaces. (RepositoryConfigurationDelegate.java:182)
[2020-04-14 15:53:50,372][INFO ][main] Bean 'org.springframework.transaction.annotation.ProxyTransactionManagementConfiguration' of type [org.springframework.transaction.annotation.ProxyTransactionManagementConfiguration$$EnhancerBySpringCGLIB$$cb5bc882] is not eligible for getting processed by all BeanPostProcessors (for example: not eligible for auto-proxying) (PostProcessorRegistrationDelegate.java:330)
[2020-04-14 15:53:50,660][INFO ][main] Tomcat initialized with port(s): 8080 (http) (TomcatWebServer.java:90)
[2020-04-14 15:53:50,671][INFO ][main] Initializing ProtocolHandler ["http-nio-8080"] (DirectJDKLog.java:173)
[2020-04-14 15:53:50,679][INFO ][main] Starting service [Tomcat] (DirectJDKLog.java:173)
[2020-04-14 15:53:50,679][INFO ][main] Starting Servlet engine: [Apache Tomcat/9.0.17] (DirectJDKLog.java:173)
[2020-04-14 15:53:50,766][INFO ][main] Initializing Spring embedded WebApplicationContext (DirectJDKLog.java:173)
[2020-04-14 15:53:50,766][INFO ][main] Root WebApplicationContext: initialization completed in 1424 ms (ServletWebServerApplicationContext.java:296)
[2020-04-14 15:53:51,414][INFO ][main] no modules loaded (PluginsService.java:190)
[2020-04-14 15:53:51,415][INFO ][main] loaded plugin [org.elasticsearch.index.reindex.ReindexPlugin] (PluginsService.java:193)
[2020-04-14 15:53:51,415][INFO ][main] loaded plugin [org.elasticsearch.join.ParentJoinPlugin] (PluginsService.java:193)
[2020-04-14 15:53:51,416][INFO ][main] loaded plugin [org.elasticsearch.percolator.PercolatorPlugin] (PluginsService.java:193)
[2020-04-14 15:53:51,416][INFO ][main] loaded plugin [org.elasticsearch.script.mustache.MustachePlugin] (PluginsService.java:193)
[2020-04-14 15:53:51,416][INFO ][main] loaded plugin [org.elasticsearch.transport.Netty4Plugin] (PluginsService.java:193)
[2020-04-14 15:53:52,344][INFO ][main] Adding transport node : 127.0.0.1:9300 (TransportClientFactoryBean.java:88)
[2020-04-14 15:53:53,434][INFO ][main] Creating filter chain: any request, [org.springframework.security.web.context.request.async.WebAsyncManagerIntegrationFilter@37a3ec27, org.springframework.security.web.context.SecurityContextPersistenceFilter@4ad1a276, org.springframework.security.web.header.HeaderWriterFilter@2a5c6b76, org.springframework.security.web.authentication.logout.LogoutFilter@305aaedf, org.springframework.security.web.authentication.UsernamePasswordAuthenticationFilter@4a4b288a, org.springframework.security.web.authentication.ui.DefaultLoginPageGeneratingFilter@1e29a81a, org.springframework.security.web.authentication.ui.DefaultLogoutPageGeneratingFilter@283baa39, org.springframework.security.web.authentication.www.BasicAuthenticationFilter@5341e71a, org.springframework.security.web.savedrequest.RequestCacheAwareFilter@31006a75, org.springframework.security.web.servletapi.SecurityContextHolderAwareRequestFilter@156324b, org.springframework.security.web.authentication.AnonymousAuthenticationFilter@416b1265, org.springframework.security.web.session.SessionManagementFilter@3d88ce0e, org.springframework.security.web.access.ExceptionTranslationFilter@70884875, org.springframework.security.web.access.intercept.FilterSecurityInterceptor@580c17a0] (DefaultSecurityFilterChain.java:43)
[2020-04-14 15:53:53,664][INFO ][main] Initializing ExecutorService 'applicationTaskExecutor' (ExecutorConfigurationSupport.java:171)
[2020-04-14 15:53:54,119][INFO ][main] Starting ProtocolHandler ["http-nio-8080"] (DirectJDKLog.java:173)
[2020-04-14 15:53:54,134][INFO ][main] Tomcat started on port(s): 8080 (http) with context path '/searchlite' (TomcatWebServer.java:204)
[2020-04-14 15:53:54,136][INFO ][main] Started SearchLiteApplication in 5.157 seconds (JVM running for 5.812) (StartupInfoLogger.java:59)
[2020-04-14 15:53:54,156][INFO ][main] HikariPool-1 - Starting... (HikariDataSource.java:110)
[2020-04-14 15:53:54,386][INFO ][main] HikariPool-1 - Start completed. (HikariDataSource.java:123)
[2020-04-14 15:56:27,700][INFO ][http-nio-8080-exec-1] Initializing Spring DispatcherServlet 'dispatcherServlet' (DirectJDKLog.java:173)
[2020-04-14 15:56:27,701][INFO ][http-nio-8080-exec-1] Initializing Servlet 'dispatcherServlet' (FrameworkServlet.java:524)
[2020-04-14 15:56:27,710][INFO ][http-nio-8080-exec-1] Completed initialization in 8 ms (FrameworkServlet.java:546)
[2020-04-14 15:56:27,747][INFO ][http-nio-8080-exec-1] URL: http://127.0.0.1:8080/searchlite/problem/searchByString/1 (SearchLiteInterceptor.java:24)
[2020-04-14 15:56:27,747][INFO ][http-nio-8080-exec-1] IP: 127.0.0.1 (SearchLiteInterceptor.java:25)
[2020-04-14 15:56:28,012][INFO ][http-nio-8080-exec-1] RequestTimeConsuming: 265 ms (SearchLiteInterceptor.java:31)
[2020-04-14 15:56:43,281][INFO ][http-nio-8080-exec-4] URL: http://127.0.0.1:8080/searchlite/problem/searchByString/2 (SearchLiteInterceptor.java:24)
[2020-04-14 15:56:43,282][INFO ][http-nio-8080-exec-4] IP: 127.0.0.1 (SearchLiteInterceptor.java:25)
[2020-04-14 15:56:43,291][INFO ][http-nio-8080-exec-4] RequestTimeConsuming: 10 ms (SearchLiteInterceptor.java:31)
[2020-04-14 15:56:51,722][INFO ][http-nio-8080-exec-5] URL: http://127.0.0.1:8080/searchlite/problem/searchByString/%E6%9D%90%E6%96%99 (SearchLiteInterceptor.java:24)
[2020-04-14 15:56:51,722][INFO ][http-nio-8080-exec-5] IP: 127.0.0.1 (SearchLiteInterceptor.java:25)
[2020-04-14 15:56:51,733][INFO ][http-nio-8080-exec-5] RequestTimeConsuming: 11 ms (SearchLiteInterceptor.java:31)
[2020-04-14 15:56:59,108][INFO ][http-nio-8080-exec-7] URL: http://127.0.0.1:8080/searchlite/problem/searchByString/%E5%8A%9B%E5%AD%A6 (SearchLiteInterceptor.java:24)
[2020-04-14 15:56:59,108][INFO ][http-nio-8080-exec-7] IP: 127.0.0.1 (SearchLiteInterceptor.java:25)
[2020-04-14 15:56:59,118][INFO ][http-nio-8080-exec-7] RequestTimeConsuming: 10 ms (SearchLiteInterceptor.java:31)
[2020-04-14 16:20:32,883][INFO ][http-nio-8080-exec-10] URL: http://127.0.0.1:8080/searchlite/problem/searchByString/%E5%8A%9B%E5%AD%A6 (SearchLiteInterceptor.java:24)
[2020-04-14 16:20:32,884][INFO ][http-nio-8080-exec-10] IP: 127.0.0.1 (SearchLiteInterceptor.java:25)
[2020-04-14 16:20:32,894][INFO ][http-nio-8080-exec-10] RequestTimeConsuming: 11 ms (SearchLiteInterceptor.java:31)
[2020-04-14 16:20:42,902][INFO ][http-nio-8080-exec-2] URL: http://127.0.0.1:8080/searchlite/problem/transfer (SearchLiteInterceptor.java:24)
[2020-04-14 16:20:42,903][INFO ][http-nio-8080-exec-2] IP: 127.0.0.1 (SearchLiteInterceptor.java:25)
[2020-04-14 16:20:44,156][INFO ][http-nio-8080-exec-2] RequestTimeConsuming: 1254 ms (SearchLiteInterceptor.java:31)
[2020-04-14 16:21:04,850][INFO ][http-nio-8080-exec-4] URL: http://127.0.0.1:8080/searchlite/problem/searchByString/%E5%8A%9B%E5%AD%A6 (SearchLiteInterceptor.java:24)
[2020-04-14 16:21:04,850][INFO ][http-nio-8080-exec-4] IP: 127.0.0.1 (SearchLiteInterceptor.java:25)
[2020-04-14 16:21:04,930][INFO ][http-nio-8080-exec-4] RequestTimeConsuming: 80 ms (SearchLiteInterceptor.java:31)
[2020-04-14 16:53:56,956][INFO ][Thread-3] Shutting down ExecutorService 'applicationTaskExecutor' (ExecutorConfigurationSupport.java:208)
[2020-04-14 16:53:56,965][INFO ][Thread-3] HikariPool-1 - Shutdown initiated... (HikariDataSource.java:350)
[2020-04-14 16:53:56,969][INFO ][Thread-3] HikariPool-1 - Shutdown completed. (HikariDataSource.java:352)
[2020-04-15 14:55:33,263][INFO ][main] Starting SearchLiteApplication on Mac.local with PID 9536 (/Users/xiangyida/code/java/SearchLite/target/classes started by xiangyida in /Users/xiangyida/code/java/SearchLite) (StartupInfoLogger.java:50)
[2020-04-15 14:55:33,275][INFO ][main] No active profile set, falling back to default profiles: default (SpringApplication.java:675)
[2020-04-15 14:55:33,863][INFO ][main] Multiple Spring Data modules found, entering strict repository configuration mode! (RepositoryConfigurationDelegate.java:244)
[2020-04-15 14:55:33,867][INFO ][main] Bootstrapping Spring Data repositories in DEFAULT mode. (RepositoryConfigurationDelegate.java:126)
[2020-04-15 14:55:33,928][INFO ][main] Finished Spring Data repository scanning in 57ms. Found 1 repository interfaces. (RepositoryConfigurationDelegate.java:182)
[2020-04-15 14:55:33,938][INFO ][main] Multiple Spring Data modules found, entering strict repository configuration mode! (RepositoryConfigurationDelegate.java:244)
[2020-04-15 14:55:33,939][INFO ][main] Bootstrapping Spring Data repositories in DEFAULT mode. (RepositoryConfigurationDelegate.java:126)
[2020-04-15 14:55:33,953][INFO ][main] Spring Data Redis - Could not safely identify store assignment for repository candidate interface xyh.searchlite.search.service.ProblemRepository. (RepositoryConfigurationExtensionSupport.java:363)
[2020-04-15 14:55:33,953][INFO ][main] Finished Spring Data repository scanning in 6ms. Found 0 repository interfaces. (RepositoryConfigurationDelegate.java:182)
[2020-04-15 14:55:34,312][INFO ][main] Bean 'org.springframework.transaction.annotation.ProxyTransactionManagementConfiguration' of type [org.springframework.transaction.annotation.ProxyTransactionManagementConfiguration$$EnhancerBySpringCGLIB$$cb727f9] is not eligible for getting processed by all BeanPostProcessors (for example: not eligible for auto-proxying) (PostProcessorRegistrationDelegate.java:330)
[2020-04-15 14:55:34,691][INFO ][main] Tomcat initialized with port(s): 8080 (http) (TomcatWebServer.java:90)
[2020-04-15 14:55:34,708][INFO ][main] Initializing ProtocolHandler ["http-nio-8080"] (DirectJDKLog.java:173)
[2020-04-15 14:55:34,718][INFO ][main] Starting service [Tomcat] (DirectJDKLog.java:173)
[2020-04-15 14:55:34,719][INFO ][main] Starting Servlet engine: [Apache Tomcat/9.0.17] (DirectJDKLog.java:173)
[2020-04-15 14:55:34,823][INFO ][main] Initializing Spring embedded WebApplicationContext (DirectJDKLog.java:173)
[2020-04-15 14:55:34,823][INFO ][main] Root WebApplicationContext: initialization completed in 1509 ms (ServletWebServerApplicationContext.java:296)
[2020-04-15 14:55:35,460][INFO ][main] no modules loaded (PluginsService.java:190)
[2020-04-15 14:55:35,461][INFO ][main] loaded plugin [org.elasticsearch.index.reindex.ReindexPlugin] (PluginsService.java:193)
[2020-04-15 14:55:35,461][INFO ][main] loaded plugin [org.elasticsearch.join.ParentJoinPlugin] (PluginsService.java:193)
[2020-04-15 14:55:35,461][INFO ][main] loaded plugin [org.elasticsearch.percolator.PercolatorPlugin] (PluginsService.java:193)
[2020-04-15 14:55:35,462][INFO ][main] loaded plugin [org.elasticsearch.script.mustache.MustachePlugin] (PluginsService.java:193)
[2020-04-15 14:55:35,462][INFO ][main] loaded plugin [org.elasticsearch.transport.Netty4Plugin] (PluginsService.java:193)
[2020-04-15 14:55:36,548][INFO ][main] Adding transport node : 127.0.0.1:9300 (TransportClientFactoryBean.java:88)
[2020-04-15 14:55:37,061][INFO ][main] Creating filter chain: any request, [org.springframework.security.web.context.request.async.WebAsyncManagerIntegrationFilter@61554b6b, org.springframework.security.web.context.SecurityContextPersistenceFilter@6f7a20da, org.springframework.security.web.header.HeaderWriterFilter@6253e59a, org.springframework.security.web.authentication.logout.LogoutFilter@194224ca, org.springframework.security.web.authentication.UsernamePasswordAuthenticationFilter@100eeedc, org.springframework.security.web.authentication.ui.DefaultLoginPageGeneratingFilter@685e6a68, org.springframework.security.web.authentication.ui.DefaultLogoutPageGeneratingFilter@761f234c, org.springframework.security.web.authentication.www.BasicAuthenticationFilter@51b51641, org.springframework.security.web.savedrequest.RequestCacheAwareFilter@77ba583, org.springframework.security.web.servletapi.SecurityContextHolderAwareRequestFilter@586737ff, org.springframework.security.web.authentication.AnonymousAuthenticationFilter@687b0ddc, org.springframework.security.web.session.SessionManagementFilter@16ccd2bc, org.springframework.security.web.access.ExceptionTranslationFilter@61e14b53, org.springframework.security.web.access.intercept.FilterSecurityInterceptor@29b8df5] (DefaultSecurityFilterChain.java:43)
[2020-04-15 14:55:37,229][INFO ][main] Initializing ExecutorService 'applicationTaskExecutor' (ExecutorConfigurationSupport.java:171)
[2020-04-15 14:55:37,886][INFO ][main] Starting ProtocolHandler ["http-nio-8080"] (DirectJDKLog.java:173)
[2020-04-15 14:55:37,905][INFO ][main] Tomcat started on port(s): 8080 (http) with context path '/searchlite' (TomcatWebServer.java:204)
[2020-04-15 14:55:37,907][INFO ][main] Started SearchLiteApplication in 5.046 seconds (JVM running for 5.919) (StartupInfoLogger.java:59)
[2020-04-15 14:55:37,932][INFO ][main] HikariPool-1 - Starting... (HikariDataSource.java:110)
[2020-04-15 14:55:39,042][INFO ][main] 

Error starting ApplicationContext. To display the conditions report re-run your application with 'debug' enabled. (ConditionEvaluationReportLoggingListener.java:142)
[2020-04-15 14:55:39,052][INFO ][main] Shutting down ExecutorService 'applicationTaskExecutor' (ExecutorConfigurationSupport.java:208)
[2020-04-15 14:56:19,608][INFO ][main] Starting SearchLiteApplication on Mac.local with PID 9567 (/Users/xiangyida/code/java/SearchLite/target/classes started by xiangyida in /Users/xiangyida/code/java/SearchLite) (StartupInfoLogger.java:50)
[2020-04-15 14:56:19,614][INFO ][main] No active profile set, falling back to default profiles: default (SpringApplication.java:675)
[2020-04-15 14:56:20,232][INFO ][main] Multiple Spring Data modules found, entering strict repository configuration mode! (RepositoryConfigurationDelegate.java:244)
[2020-04-15 14:56:20,235][INFO ][main] Bootstrapping Spring Data repositories in DEFAULT mode. (RepositoryConfigurationDelegate.java:126)
[2020-04-15 14:56:20,300][INFO ][main] Finished Spring Data repository scanning in 61ms. Found 1 repository interfaces. (RepositoryConfigurationDelegate.java:182)
[2020-04-15 14:56:20,309][INFO ][main] Multiple Spring Data modules found, entering strict repository configuration mode! (RepositoryConfigurationDelegate.java:244)
[2020-04-15 14:56:20,310][INFO ][main] Bootstrapping Spring Data repositories in DEFAULT mode. (RepositoryConfigurationDelegate.java:126)
[2020-04-15 14:56:20,325][INFO ][main] Spring Data Redis - Could not safely identify store assignment for repository candidate interface xyh.searchlite.search.service.ProblemRepository. (RepositoryConfigurationExtensionSupport.java:363)
[2020-04-15 14:56:20,326][INFO ][main] Finished Spring Data repository scanning in 9ms. Found 0 repository interfaces. (RepositoryConfigurationDelegate.java:182)
[2020-04-15 14:56:20,651][INFO ][main] Bean 'org.springframework.transaction.annotation.ProxyTransactionManagementConfiguration' of type [org.springframework.transaction.annotation.ProxyTransactionManagementConfiguration$$EnhancerBySpringCGLIB$$6644fe6d] is not eligible for getting processed by all BeanPostProcessors (for example: not eligible for auto-proxying) (PostProcessorRegistrationDelegate.java:330)
[2020-04-15 14:56:20,970][INFO ][main] Tomcat initialized with port(s): 8080 (http) (TomcatWebServer.java:90)
[2020-04-15 14:56:20,984][INFO ][main] Initializing ProtocolHandler ["http-nio-8080"] (DirectJDKLog.java:173)
[2020-04-15 14:56:20,994][INFO ][main] Starting service [Tomcat] (DirectJDKLog.java:173)
[2020-04-15 14:56:20,995][INFO ][main] Starting Servlet engine: [Apache Tomcat/9.0.17] (DirectJDKLog.java:173)
[2020-04-15 14:56:21,091][INFO ][main] Initializing Spring embedded WebApplicationContext (DirectJDKLog.java:173)
[2020-04-15 14:56:21,091][INFO ][main] Root WebApplicationContext: initialization completed in 1434 ms (ServletWebServerApplicationContext.java:296)
[2020-04-15 14:56:21,583][INFO ][main] no modules loaded (PluginsService.java:190)
[2020-04-15 14:56:21,584][INFO ][main] loaded plugin [org.elasticsearch.index.reindex.ReindexPlugin] (PluginsService.java:193)
[2020-04-15 14:56:21,584][INFO ][main] loaded plugin [org.elasticsearch.join.ParentJoinPlugin] (PluginsService.java:193)
[2020-04-15 14:56:21,584][INFO ][main] loaded plugin [org.elasticsearch.percolator.PercolatorPlugin] (PluginsService.java:193)
[2020-04-15 14:56:21,584][INFO ][main] loaded plugin [org.elasticsearch.script.mustache.MustachePlugin] (PluginsService.java:193)
[2020-04-15 14:56:21,584][INFO ][main] loaded plugin [org.elasticsearch.transport.Netty4Plugin] (PluginsService.java:193)
[2020-04-15 14:56:22,504][INFO ][main] Adding transport node : 127.0.0.1:9300 (TransportClientFactoryBean.java:88)
[2020-04-15 14:56:23,677][INFO ][main] Creating filter chain: any request, [org.springframework.security.web.context.request.async.WebAsyncManagerIntegrationFilter@2bc0b8c8, org.springframework.security.web.context.SecurityContextPersistenceFilter@4fa91d5b, org.springframework.security.web.header.HeaderWriterFilter@296676c4, org.springframework.security.web.authentication.logout.LogoutFilter@5d6b42cf, org.springframework.security.web.authentication.UsernamePasswordAuthenticationFilter@4cfc0c48, org.springframework.security.web.authentication.ui.DefaultLoginPageGeneratingFilter@3d88ce0e, org.springframework.security.web.authentication.ui.DefaultLogoutPageGeneratingFilter@15f861ee, org.springframework.security.web.authentication.www.BasicAuthenticationFilter@3355168, org.springframework.security.web.savedrequest.RequestCacheAwareFilter@1d7f2f0a, org.springframework.security.web.servletapi.SecurityContextHolderAwareRequestFilter@2a5c6b76, org.springframework.security.web.authentication.AnonymousAuthenticationFilter@3f1158ee, org.springframework.security.web.session.SessionManagementFilter@58f7215c, org.springframework.security.web.access.ExceptionTranslationFilter@5871a482, org.springframework.security.web.access.intercept.FilterSecurityInterceptor@68f776ee] (DefaultSecurityFilterChain.java:43)
[2020-04-15 14:56:23,933][INFO ][main] Initializing ExecutorService 'applicationTaskExecutor' (ExecutorConfigurationSupport.java:171)
[2020-04-15 14:56:24,447][INFO ][main] Starting ProtocolHandler ["http-nio-8080"] (DirectJDKLog.java:173)
[2020-04-15 14:56:24,462][INFO ][main] Tomcat started on port(s): 8080 (http) with context path '/searchlite' (TomcatWebServer.java:204)
[2020-04-15 14:56:24,464][INFO ][main] Started SearchLiteApplication in 5.184 seconds (JVM running for 5.841) (StartupInfoLogger.java:59)
[2020-04-15 14:56:24,485][INFO ][main] HikariPool-1 - Starting... (HikariDataSource.java:110)
[2020-04-15 14:56:25,581][INFO ][main] 

Error starting ApplicationContext. To display the conditions report re-run your application with 'debug' enabled. (ConditionEvaluationReportLoggingListener.java:142)
[2020-04-15 14:56:25,590][INFO ][main] Shutting down ExecutorService 'applicationTaskExecutor' (ExecutorConfigurationSupport.java:208)
[2020-04-15 15:06:48,987][INFO ][main] Starting SearchLiteApplication on Mac.local with PID 9964 (/Users/xiangyida/code/java/SearchLite/target/classes started by xiangyida in /Users/xiangyida/code/java/SearchLite) (StartupInfoLogger.java:50)
[2020-04-15 15:06:48,996][INFO ][main] No active profile set, falling back to default profiles: default (SpringApplication.java:675)
[2020-04-15 15:06:49,692][INFO ][main] Multiple Spring Data modules found, entering strict repository configuration mode! (RepositoryConfigurationDelegate.java:244)
[2020-04-15 15:06:49,696][INFO ][main] Bootstrapping Spring Data repositories in DEFAULT mode. (RepositoryConfigurationDelegate.java:126)
[2020-04-15 15:06:49,765][INFO ][main] Finished Spring Data repository scanning in 64ms. Found 1 repository interfaces. (RepositoryConfigurationDelegate.java:182)
[2020-04-15 15:06:49,777][INFO ][main] Multiple Spring Data modules found, entering strict repository configuration mode! (RepositoryConfigurationDelegate.java:244)
[2020-04-15 15:06:49,778][INFO ][main] Bootstrapping Spring Data repositories in DEFAULT mode. (RepositoryConfigurationDelegate.java:126)
[2020-04-15 15:06:49,795][INFO ][main] Spring Data Redis - Could not safely identify store assignment for repository candidate interface xyh.searchlite.search.service.ProblemRepository. (RepositoryConfigurationExtensionSupport.java:363)
[2020-04-15 15:06:49,796][INFO ][main] Finished Spring Data repository scanning in 9ms. Found 0 repository interfaces. (RepositoryConfigurationDelegate.java:182)
[2020-04-15 15:06:50,170][INFO ][main] Bean 'org.springframework.transaction.annotation.ProxyTransactionManagementConfiguration' of type [org.springframework.transaction.annotation.ProxyTransactionManagementConfiguration$$EnhancerBySpringCGLIB$$f5503200] is not eligible for getting processed by all BeanPostProcessors (for example: not eligible for auto-proxying) (PostProcessorRegistrationDelegate.java:330)
[2020-04-15 15:06:50,498][INFO ][main] Tomcat initialized with port(s): 8080 (http) (TomcatWebServer.java:90)
[2020-04-15 15:06:50,510][INFO ][main] Initializing ProtocolHandler ["http-nio-8080"] (DirectJDKLog.java:173)
[2020-04-15 15:06:50,518][INFO ][main] Starting service [Tomcat] (DirectJDKLog.java:173)
[2020-04-15 15:06:50,519][INFO ][main] Starting Servlet engine: [Apache Tomcat/9.0.17] (DirectJDKLog.java:173)
[2020-04-15 15:06:50,609][INFO ][main] Initializing Spring embedded WebApplicationContext (DirectJDKLog.java:173)
[2020-04-15 15:06:50,610][INFO ][main] Root WebApplicationContext: initialization completed in 1567 ms (ServletWebServerApplicationContext.java:296)
[2020-04-15 15:06:51,254][INFO ][main] no modules loaded (PluginsService.java:190)
[2020-04-15 15:06:51,255][INFO ][main] loaded plugin [org.elasticsearch.index.reindex.ReindexPlugin] (PluginsService.java:193)
[2020-04-15 15:06:51,255][INFO ][main] loaded plugin [org.elasticsearch.join.ParentJoinPlugin] (PluginsService.java:193)
[2020-04-15 15:06:51,256][INFO ][main] loaded plugin [org.elasticsearch.percolator.PercolatorPlugin] (PluginsService.java:193)
[2020-04-15 15:06:51,256][INFO ][main] loaded plugin [org.elasticsearch.script.mustache.MustachePlugin] (PluginsService.java:193)
[2020-04-15 15:06:51,256][INFO ][main] loaded plugin [org.elasticsearch.transport.Netty4Plugin] (PluginsService.java:193)
[2020-04-15 15:06:52,215][INFO ][main] Adding transport node : 127.0.0.1:9300 (TransportClientFactoryBean.java:88)
[2020-04-15 15:06:52,670][INFO ][main] Creating filter chain: any request, [org.springframework.security.web.context.request.async.WebAsyncManagerIntegrationFilter@4a4b288a, org.springframework.security.web.context.SecurityContextPersistenceFilter@531a716c, org.springframework.security.web.header.HeaderWriterFilter@4fa91d5b, org.springframework.security.web.authentication.logout.LogoutFilter@156324b, org.springframework.security.web.authentication.UsernamePasswordAuthenticationFilter@2f07930a, org.springframework.security.web.authentication.ui.DefaultLoginPageGeneratingFilter@31006a75, org.springframework.security.web.authentication.ui.DefaultLogoutPageGeneratingFilter@1c6ac73c, org.springframework.security.web.authentication.www.BasicAuthenticationFilter@4540c7, org.springframework.security.web.savedrequest.RequestCacheAwareFilter@531ec2ca, org.springframework.security.web.servletapi.SecurityContextHolderAwareRequestFilter@4ad1a276, org.springframework.security.web.authentication.AnonymousAuthenticationFilter@29892a77, org.springframework.security.web.session.SessionManagementFilter@1d7f2f0a, org.springframework.security.web.access.ExceptionTranslationFilter@58f7215c, org.springframework.security.web.access.intercept.FilterSecurityInterceptor@23469199] (DefaultSecurityFilterChain.java:43)
[2020-04-15 15:06:52,945][INFO ][main] Initializing ExecutorService 'applicationTaskExecutor' (ExecutorConfigurationSupport.java:171)
[2020-04-15 15:06:53,407][INFO ][main] Starting ProtocolHandler ["http-nio-8080"] (DirectJDKLog.java:173)
[2020-04-15 15:06:53,422][INFO ][main] Tomcat started on port(s): 8080 (http) with context path '/searchlite' (TomcatWebServer.java:204)
[2020-04-15 15:06:53,424][INFO ][main] Started SearchLiteApplication in 4.818 seconds (JVM running for 5.771) (StartupInfoLogger.java:59)
[2020-04-15 15:06:53,445][INFO ][main] HikariPool-1 - Starting... (HikariDataSource.java:110)
[2020-04-15 15:06:53,735][INFO ][main] HikariPool-1 - Start completed. (HikariDataSource.java:123)
[2020-04-15 15:07:14,196][INFO ][http-nio-8080-exec-1] Initializing Spring DispatcherServlet 'dispatcherServlet' (DirectJDKLog.java:173)
[2020-04-15 15:07:14,196][INFO ][http-nio-8080-exec-1] Initializing Servlet 'dispatcherServlet' (FrameworkServlet.java:524)
[2020-04-15 15:07:14,206][INFO ][http-nio-8080-exec-1] Completed initialization in 10 ms (FrameworkServlet.java:546)
[2020-04-15 15:07:14,241][INFO ][http-nio-8080-exec-1] URL: http://127.0.0.1:8080/searchlite/problem/transfer (SearchLiteInterceptor.java:24)
[2020-04-15 15:07:14,241][INFO ][http-nio-8080-exec-1] IP: 127.0.0.1 (SearchLiteInterceptor.java:25)
[2020-04-15 15:07:15,362][INFO ][http-nio-8080-exec-1] RequestTimeConsuming: 1122 ms (SearchLiteInterceptor.java:31)
[2020-04-15 15:07:23,648][INFO ][http-nio-8080-exec-3] URL: http://127.0.0.1:8080/searchlite/problem/searchByString/%E5%8A%9B%E5%AD%A6 (SearchLiteInterceptor.java:24)
[2020-04-15 15:07:23,649][INFO ][http-nio-8080-exec-3] IP: 127.0.0.1 (SearchLiteInterceptor.java:25)
[2020-04-15 15:07:23,750][INFO ][http-nio-8080-exec-3] RequestTimeConsuming: 102 ms (SearchLiteInterceptor.java:31)
[2020-04-15 15:07:27,552][INFO ][http-nio-8080-exec-5] URL: http://127.0.0.1:8080/searchlite/problem/searchByString/1 (SearchLiteInterceptor.java:24)
[2020-04-15 15:07:27,552][INFO ][http-nio-8080-exec-5] IP: 127.0.0.1 (SearchLiteInterceptor.java:25)
[2020-04-15 15:07:27,619][INFO ][http-nio-8080-exec-5] RequestTimeConsuming: 67 ms (SearchLiteInterceptor.java:31)
[2020-04-15 15:07:34,252][INFO ][http-nio-8080-exec-6] URL: http://127.0.0.1:8080/searchlite/problem/searchByString/%E5%8A%9B%E5%AD%A6 (SearchLiteInterceptor.java:24)
[2020-04-15 15:07:34,252][INFO ][http-nio-8080-exec-6] IP: 127.0.0.1 (SearchLiteInterceptor.java:25)
[2020-04-15 15:07:34,262][INFO ][http-nio-8080-exec-6] RequestTimeConsuming: 10 ms (SearchLiteInterceptor.java:31)
[2020-04-15 15:07:39,487][INFO ][http-nio-8080-exec-8] URL: http://127.0.0.1:8080/searchlite/problem/searchByString/%E5%8A%9B (SearchLiteInterceptor.java:24)
[2020-04-15 15:07:39,487][INFO ][http-nio-8080-exec-8] IP: 127.0.0.1 (SearchLiteInterceptor.java:25)
[2020-04-15 15:07:39,503][INFO ][http-nio-8080-exec-8] RequestTimeConsuming: 16 ms (SearchLiteInterceptor.java:31)
[2020-04-15 15:07:45,184][INFO ][http-nio-8080-exec-9] URL: http://127.0.0.1:8080/searchlite/problem/searchByString/%E6%9D%A0%E6%9D%86 (SearchLiteInterceptor.java:24)
[2020-04-15 15:07:45,185][INFO ][http-nio-8080-exec-9] IP: 127.0.0.1 (SearchLiteInterceptor.java:25)
[2020-04-15 15:07:45,198][INFO ][http-nio-8080-exec-9] RequestTimeConsuming: 14 ms (SearchLiteInterceptor.java:31)
[2020-04-15 15:09:32,157][INFO ][Thread-3] Shutting down ExecutorService 'applicationTaskExecutor' (ExecutorConfigurationSupport.java:208)
[2020-04-15 15:09:32,166][INFO ][Thread-3] HikariPool-1 - Shutdown initiated... (HikariDataSource.java:350)
[2020-04-15 15:09:32,177][INFO ][Thread-3] HikariPool-1 - Shutdown completed. (HikariDataSource.java:352)
[2020-04-15 15:19:40,034][INFO ][main] Starting SearchLiteApplication on Mac.local with PID 10437 (/Users/xiangyida/code/java/SearchLite/target/classes started by xiangyida in /Users/xiangyida/code/java/SearchLite) (StartupInfoLogger.java:50)
[2020-04-15 15:19:40,040][INFO ][main] No active profile set, falling back to default profiles: default (SpringApplication.java:675)
[2020-04-15 15:19:40,658][INFO ][main] Multiple Spring Data modules found, entering strict repository configuration mode! (RepositoryConfigurationDelegate.java:244)
[2020-04-15 15:19:40,662][INFO ][main] Bootstrapping Spring Data repositories in DEFAULT mode. (RepositoryConfigurationDelegate.java:126)
[2020-04-15 15:19:40,736][INFO ][main] Finished Spring Data repository scanning in 69ms. Found 1 repository interfaces. (RepositoryConfigurationDelegate.java:182)
[2020-04-15 15:19:40,747][INFO ][main] Multiple Spring Data modules found, entering strict repository configuration mode! (RepositoryConfigurationDelegate.java:244)
[2020-04-15 15:19:40,749][INFO ][main] Bootstrapping Spring Data repositories in DEFAULT mode. (RepositoryConfigurationDelegate.java:126)
[2020-04-15 15:19:40,764][INFO ][main] Spring Data Redis - Could not safely identify store assignment for repository candidate interface xyh.searchlite.search.service.ProblemRepository. (RepositoryConfigurationExtensionSupport.java:363)
[2020-04-15 15:19:40,764][INFO ][main] Finished Spring Data repository scanning in 8ms. Found 0 repository interfaces. (RepositoryConfigurationDelegate.java:182)
[2020-04-15 15:19:41,171][INFO ][main] Bean 'org.springframework.transaction.annotation.ProxyTransactionManagementConfiguration' of type [org.springframework.transaction.annotation.ProxyTransactionManagementConfiguration$$EnhancerBySpringCGLIB$$2c931b58] is not eligible for getting processed by all BeanPostProcessors (for example: not eligible for auto-proxying) (PostProcessorRegistrationDelegate.java:330)
[2020-04-15 15:19:41,512][INFO ][main] Tomcat initialized with port(s): 8080 (http) (TomcatWebServer.java:90)
[2020-04-15 15:19:41,526][INFO ][main] Initializing ProtocolHandler ["http-nio-8080"] (DirectJDKLog.java:173)
[2020-04-15 15:19:41,536][INFO ][main] Starting service [Tomcat] (DirectJDKLog.java:173)
[2020-04-15 15:19:41,537][INFO ][main] Starting Servlet engine: [Apache Tomcat/9.0.17] (DirectJDKLog.java:173)
[2020-04-15 15:19:41,638][INFO ][main] Initializing Spring embedded WebApplicationContext (DirectJDKLog.java:173)
[2020-04-15 15:19:41,639][INFO ][main] Root WebApplicationContext: initialization completed in 1569 ms (ServletWebServerApplicationContext.java:296)
[2020-04-15 15:19:42,177][INFO ][main] no modules loaded (PluginsService.java:190)
[2020-04-15 15:19:42,177][INFO ][main] loaded plugin [org.elasticsearch.index.reindex.ReindexPlugin] (PluginsService.java:193)
[2020-04-15 15:19:42,178][INFO ][main] loaded plugin [org.elasticsearch.join.ParentJoinPlugin] (PluginsService.java:193)
[2020-04-15 15:19:42,178][INFO ][main] loaded plugin [org.elasticsearch.percolator.PercolatorPlugin] (PluginsService.java:193)
[2020-04-15 15:19:42,178][INFO ][main] loaded plugin [org.elasticsearch.script.mustache.MustachePlugin] (PluginsService.java:193)
[2020-04-15 15:19:42,178][INFO ][main] loaded plugin [org.elasticsearch.transport.Netty4Plugin] (PluginsService.java:193)
[2020-04-15 15:19:43,068][INFO ][main] Adding transport node : 127.0.0.1:9300 (TransportClientFactoryBean.java:88)
[2020-04-15 15:19:43,569][INFO ][main] Creating filter chain: any request, [org.springframework.security.web.context.request.async.WebAsyncManagerIntegrationFilter@4d8056bf, org.springframework.security.web.context.SecurityContextPersistenceFilter@31693a86, org.springframework.security.web.header.HeaderWriterFilter@17d76ebb, org.springframework.security.web.authentication.logout.LogoutFilter@778c2e7c, org.springframework.security.web.authentication.UsernamePasswordAuthenticationFilter@58b8f9e3, org.springframework.security.web.authentication.ui.DefaultLoginPageGeneratingFilter@7e2c6fd6, org.springframework.security.web.authentication.ui.DefaultLogoutPageGeneratingFilter@42211e04, org.springframework.security.web.authentication.www.BasicAuthenticationFilter@3212bfd, org.springframework.security.web.savedrequest.RequestCacheAwareFilter@1f9a7684, org.springframework.security.web.servletapi.SecurityContextHolderAwareRequestFilter@16cf7fd0, org.springframework.security.web.authentication.AnonymousAuthenticationFilter@6233c6c2, org.springframework.security.web.session.SessionManagementFilter@25fa6889, org.springframework.security.web.access.ExceptionTranslationFilter@305aaedf, org.springframework.security.web.access.intercept.FilterSecurityInterceptor@4537880f] (DefaultSecurityFilterChain.java:43)
[2020-04-15 15:19:43,738][INFO ][main] Initializing ExecutorService 'applicationTaskExecutor' (ExecutorConfigurationSupport.java:171)
[2020-04-15 15:19:44,406][INFO ][main] Starting ProtocolHandler ["http-nio-8080"] (DirectJDKLog.java:173)
[2020-04-15 15:19:44,424][INFO ][main] Tomcat started on port(s): 8080 (http) with context path '/searchlite' (TomcatWebServer.java:204)
[2020-04-15 15:19:44,427][INFO ][main] Started SearchLiteApplication in 4.739 seconds (JVM running for 5.715) (StartupInfoLogger.java:59)
[2020-04-15 15:19:44,451][INFO ][main] HikariPool-1 - Starting... (HikariDataSource.java:110)
[2020-04-15 15:19:44,762][INFO ][main] HikariPool-1 - Start completed. (HikariDataSource.java:123)
[2020-04-15 15:20:50,183][INFO ][Thread-3] Shutting down ExecutorService 'applicationTaskExecutor' (ExecutorConfigurationSupport.java:208)
[2020-04-15 15:20:50,197][INFO ][Thread-3] HikariPool-1 - Shutdown initiated... (HikariDataSource.java:350)
[2020-04-15 15:20:50,209][INFO ][Thread-3] HikariPool-1 - Shutdown completed. (HikariDataSource.java:352)
[2020-04-15 17:47:46,967][INFO ][main] Starting SearchLiteApplication on Mac.local with PID 15380 (/Users/xiangyida/code/java/SearchLite/target/classes started by xiangyida in /Users/xiangyida/code/java/SearchLite) (StartupInfoLogger.java:50)
[2020-04-15 17:47:46,976][INFO ][main] No active profile set, falling back to default profiles: default (SpringApplication.java:675)
[2020-04-15 17:47:47,652][INFO ][main] Multiple Spring Data modules found, entering strict repository configuration mode! (RepositoryConfigurationDelegate.java:244)
[2020-04-15 17:47:47,657][INFO ][main] Bootstrapping Spring Data repositories in DEFAULT mode. (RepositoryConfigurationDelegate.java:126)
[2020-04-15 17:47:47,729][INFO ][main] Finished Spring Data repository scanning in 68ms. Found 1 repository interfaces. (RepositoryConfigurationDelegate.java:182)
[2020-04-15 17:47:47,742][INFO ][main] Multiple Spring Data modules found, entering strict repository configuration mode! (RepositoryConfigurationDelegate.java:244)
[2020-04-15 17:47:47,743][INFO ][main] Bootstrapping Spring Data repositories in DEFAULT mode. (RepositoryConfigurationDelegate.java:126)
[2020-04-15 17:47:47,764][INFO ][main] Spring Data Redis - Could not safely identify store assignment for repository candidate interface xyh.searchlite.search.service.ProblemRepository. (RepositoryConfigurationExtensionSupport.java:363)
[2020-04-15 17:47:47,765][INFO ][main] Finished Spring Data repository scanning in 11ms. Found 0 repository interfaces. (RepositoryConfigurationDelegate.java:182)
[2020-04-15 17:47:48,105][INFO ][main] Bean 'org.springframework.kafka.annotation.KafkaBootstrapConfiguration' of type [org.springframework.kafka.annotation.KafkaBootstrapConfiguration$$EnhancerBySpringCGLIB$$cd95b25a] is not eligible for getting processed by all BeanPostProcessors (for example: not eligible for auto-proxying) (PostProcessorRegistrationDelegate.java:330)
[2020-04-15 17:47:48,191][INFO ][main] Bean 'org.springframework.transaction.annotation.ProxyTransactionManagementConfiguration' of type [org.springframework.transaction.annotation.ProxyTransactionManagementConfiguration$$EnhancerBySpringCGLIB$$f9e3a0d7] is not eligible for getting processed by all BeanPostProcessors (for example: not eligible for auto-proxying) (PostProcessorRegistrationDelegate.java:330)
[2020-04-15 17:47:48,504][INFO ][main] Tomcat initialized with port(s): 8080 (http) (TomcatWebServer.java:90)
[2020-04-15 17:47:48,519][INFO ][main] Initializing ProtocolHandler ["http-nio-8080"] (DirectJDKLog.java:173)
[2020-04-15 17:47:48,529][INFO ][main] Starting service [Tomcat] (DirectJDKLog.java:173)
[2020-04-15 17:47:48,529][INFO ][main] Starting Servlet engine: [Apache Tomcat/9.0.17] (DirectJDKLog.java:173)
[2020-04-15 17:47:48,634][INFO ][main] Initializing Spring embedded WebApplicationContext (DirectJDKLog.java:173)
[2020-04-15 17:47:48,634][INFO ][main] Root WebApplicationContext: initialization completed in 1616 ms (ServletWebServerApplicationContext.java:296)
[2020-04-15 17:47:49,306][INFO ][main] no modules loaded (PluginsService.java:190)
[2020-04-15 17:47:49,307][INFO ][main] loaded plugin [org.elasticsearch.index.reindex.ReindexPlugin] (PluginsService.java:193)
[2020-04-15 17:47:49,308][INFO ][main] loaded plugin [org.elasticsearch.join.ParentJoinPlugin] (PluginsService.java:193)
[2020-04-15 17:47:49,308][INFO ][main] loaded plugin [org.elasticsearch.percolator.PercolatorPlugin] (PluginsService.java:193)
[2020-04-15 17:47:49,308][INFO ][main] loaded plugin [org.elasticsearch.script.mustache.MustachePlugin] (PluginsService.java:193)
[2020-04-15 17:47:49,309][INFO ][main] loaded plugin [org.elasticsearch.transport.Netty4Plugin] (PluginsService.java:193)
[2020-04-15 17:47:50,451][INFO ][main] Adding transport node : 127.0.0.1:9300 (TransportClientFactoryBean.java:88)
[2020-04-15 17:47:51,133][INFO ][main] Creating filter chain: any request, [org.springframework.security.web.context.request.async.WebAsyncManagerIntegrationFilter@6c2883b1, org.springframework.security.web.context.SecurityContextPersistenceFilter@f48a080, org.springframework.security.web.header.HeaderWriterFilter@16a09809, org.springframework.security.web.authentication.logout.LogoutFilter@78bad03b, org.springframework.security.web.authentication.UsernamePasswordAuthenticationFilter@2d47b06, org.springframework.security.web.authentication.ui.DefaultLoginPageGeneratingFilter@252c6cdb, org.springframework.security.web.authentication.ui.DefaultLogoutPageGeneratingFilter@336e3be2, org.springframework.security.web.authentication.www.BasicAuthenticationFilter@3c544c9, org.springframework.security.web.savedrequest.RequestCacheAwareFilter@401ec794, org.springframework.security.web.servletapi.SecurityContextHolderAwareRequestFilter@277bc3a5, org.springframework.security.web.authentication.AnonymousAuthenticationFilter@126a9a3d, org.springframework.security.web.session.SessionManagementFilter@749d7c01, org.springframework.security.web.access.ExceptionTranslationFilter@dd20ebc, org.springframework.security.web.access.intercept.FilterSecurityInterceptor@3e9fb485] (DefaultSecurityFilterChain.java:43)
[2020-04-15 17:47:51,435][INFO ][main] Initializing ExecutorService 'applicationTaskExecutor' (ExecutorConfigurationSupport.java:171)
[2020-04-15 17:47:52,080][INFO ][main] Starting ProtocolHandler ["http-nio-8080"] (DirectJDKLog.java:173)
[2020-04-15 17:47:52,097][INFO ][main] Tomcat started on port(s): 8080 (http) with context path '/searchlite' (TomcatWebServer.java:204)
[2020-04-15 17:47:52,100][INFO ][main] Started SearchLiteApplication in 5.549 seconds (JVM running for 6.648) (StartupInfoLogger.java:59)
[2020-04-15 17:47:52,126][INFO ][main] HikariPool-1 - Starting... (HikariDataSource.java:110)
[2020-04-15 17:47:53,196][INFO ][main] HikariPool-1 - Start completed. (HikariDataSource.java:123)
[2020-04-15 17:48:25,055][INFO ][http-nio-8080-exec-1] Initializing Spring DispatcherServlet 'dispatcherServlet' (DirectJDKLog.java:173)
[2020-04-15 17:48:25,056][INFO ][http-nio-8080-exec-1] Initializing Servlet 'dispatcherServlet' (FrameworkServlet.java:524)
[2020-04-15 17:48:25,065][INFO ][http-nio-8080-exec-1] Completed initialization in 9 ms (FrameworkServlet.java:546)
[2020-04-15 17:48:25,095][INFO ][http-nio-8080-exec-1] URL: http://127.0.0.1:8080/searchlite/problem/searchByString/%E6%9D%A0%E6%9D%86 (SearchLiteInterceptor.java:24)
[2020-04-15 17:48:25,096][INFO ][http-nio-8080-exec-1] IP: 127.0.0.1 (SearchLiteInterceptor.java:25)
[2020-04-15 17:48:25,225][INFO ][http-nio-8080-exec-1] ProducerConfig values: 
	acks = 1
	batch.size = 16384
	bootstrap.servers = [127.0.0.1:9092]
	buffer.memory = 33554432
	client.id = 
	compression.type = none
	connections.max.idle.ms = 540000
	enable.idempotence = false
	interceptor.classes = []
	key.serializer = class org.apache.kafka.common.serialization.StringSerializer
	linger.ms = 0
	max.block.ms = 60000
	max.in.flight.requests.per.connection = 5
	max.request.size = 1048576
	metadata.max.age.ms = 300000
	metric.reporters = []
	metrics.num.samples = 2
	metrics.recording.level = INFO
	metrics.sample.window.ms = 30000
	partitioner.class = class org.apache.kafka.clients.producer.internals.DefaultPartitioner
	receive.buffer.bytes = 32768
	reconnect.backoff.max.ms = 1000
	reconnect.backoff.ms = 50
	request.timeout.ms = 30000
	retries = 0
	retry.backoff.ms = 100
	sasl.client.callback.handler.class = null
	sasl.jaas.config = null
	sasl.kerberos.kinit.cmd = /usr/bin/kinit
	sasl.kerberos.min.time.before.relogin = 60000
	sasl.kerberos.service.name = null
	sasl.kerberos.ticket.renew.jitter = 0.05
	sasl.kerberos.ticket.renew.window.factor = 0.8
	sasl.login.callback.handler.class = null
	sasl.login.class = null
	sasl.login.refresh.buffer.seconds = 300
	sasl.login.refresh.min.period.seconds = 60
	sasl.login.refresh.window.factor = 0.8
	sasl.login.refresh.window.jitter = 0.05
	sasl.mechanism = GSSAPI
	security.protocol = PLAINTEXT
	send.buffer.bytes = 131072
	ssl.cipher.suites = null
	ssl.enabled.protocols = [TLSv1.2, TLSv1.1, TLSv1]
	ssl.endpoint.identification.algorithm = https
	ssl.key.password = null
	ssl.keymanager.algorithm = SunX509
	ssl.keystore.location = null
	ssl.keystore.password = null
	ssl.keystore.type = JKS
	ssl.protocol = TLS
	ssl.provider = null
	ssl.secure.random.implementation = null
	ssl.trustmanager.algorithm = PKIX
	ssl.truststore.location = null
	ssl.truststore.password = null
	ssl.truststore.type = JKS
	transaction.timeout.ms = 60000
	transactional.id = null
	value.serializer = class org.apache.kafka.common.serialization.StringSerializer
 (AbstractConfig.java:279)
[2020-04-15 17:48:25,294][INFO ][http-nio-8080-exec-1] Kafka version : 2.0.1 (AppInfoParser.java:109)
[2020-04-15 17:48:25,294][INFO ][http-nio-8080-exec-1] Kafka commitId : fa14705e51bd2ce5 (AppInfoParser.java:110)
[2020-04-15 17:48:25,815][INFO ][kafka-producer-network-thread | producer-1] Cluster ID: 8GFlWr1OT-WOOrCd2Wp3qQ (Metadata.java:285)
[2020-04-15 17:48:26,482][INFO ][http-nio-8080-exec-1] RequestTimeConsuming: 1387 ms (SearchLiteInterceptor.java:31)
[2020-04-15 17:48:34,445][INFO ][http-nio-8080-exec-2] URL: http://127.0.0.1:8080/searchlite/problem/searchByString/%E5%BC%BA%E5%BA%A6%E8%AE%A1%E7%AE%97 (SearchLiteInterceptor.java:24)
[2020-04-15 17:48:34,446][INFO ][http-nio-8080-exec-2] IP: 127.0.0.1 (SearchLiteInterceptor.java:25)
[2020-04-15 17:48:34,474][INFO ][http-nio-8080-exec-2] RequestTimeConsuming: 29 ms (SearchLiteInterceptor.java:31)
[2020-04-15 17:49:14,999][INFO ][http-nio-8080-exec-4] URL: http://127.0.0.1:8080/searchlite/problem/searchByString/%E5%BC%BA%E5%BA%A6%E8%AE%A1%E7%AE%97 (SearchLiteInterceptor.java:24)
[2020-04-15 17:49:15,000][INFO ][http-nio-8080-exec-4] IP: 127.0.0.1 (SearchLiteInterceptor.java:25)
[2020-04-15 17:49:15,017][INFO ][http-nio-8080-exec-4] RequestTimeConsuming: 18 ms (SearchLiteInterceptor.java:31)
[2020-04-15 17:49:15,169][INFO ][http-nio-8080-exec-5] URL: http://127.0.0.1:8080/searchlite/problem/searchByString/%E5%BC%BA%E5%BA%A6%E8%AE%A1%E7%AE%97 (SearchLiteInterceptor.java:24)
[2020-04-15 17:49:15,170][INFO ][http-nio-8080-exec-5] IP: 127.0.0.1 (SearchLiteInterceptor.java:25)
[2020-04-15 17:49:15,192][INFO ][http-nio-8080-exec-5] RequestTimeConsuming: 23 ms (SearchLiteInterceptor.java:31)
[2020-04-15 17:49:15,443][INFO ][http-nio-8080-exec-6] URL: http://127.0.0.1:8080/searchlite/problem/searchByString/%E5%BC%BA%E5%BA%A6%E8%AE%A1%E7%AE%97 (SearchLiteInterceptor.java:24)
[2020-04-15 17:49:15,444][INFO ][http-nio-8080-exec-6] IP: 127.0.0.1 (SearchLiteInterceptor.java:25)
[2020-04-15 17:49:15,459][INFO ][http-nio-8080-exec-6] RequestTimeConsuming: 16 ms (SearchLiteInterceptor.java:31)
[2020-04-15 17:49:15,586][INFO ][http-nio-8080-exec-7] URL: http://127.0.0.1:8080/searchlite/problem/searchByString/%E5%BC%BA%E5%BA%A6%E8%AE%A1%E7%AE%97 (SearchLiteInterceptor.java:24)
[2020-04-15 17:49:15,587][INFO ][http-nio-8080-exec-7] IP: 127.0.0.1 (SearchLiteInterceptor.java:25)
[2020-04-15 17:49:15,599][INFO ][http-nio-8080-exec-7] RequestTimeConsuming: 13 ms (SearchLiteInterceptor.java:31)
[2020-04-15 17:49:15,858][INFO ][http-nio-8080-exec-8] URL: http://127.0.0.1:8080/searchlite/problem/searchByString/%E5%BC%BA%E5%BA%A6%E8%AE%A1%E7%AE%97 (SearchLiteInterceptor.java:24)
[2020-04-15 17:49:15,859][INFO ][http-nio-8080-exec-8] IP: 127.0.0.1 (SearchLiteInterceptor.java:25)
[2020-04-15 17:49:15,875][INFO ][http-nio-8080-exec-8] RequestTimeConsuming: 17 ms (SearchLiteInterceptor.java:31)
[2020-04-15 17:49:16,135][INFO ][http-nio-8080-exec-9] URL: http://127.0.0.1:8080/searchlite/problem/searchByString/%E5%BC%BA%E5%BA%A6%E8%AE%A1%E7%AE%97 (SearchLiteInterceptor.java:24)
[2020-04-15 17:49:16,135][INFO ][http-nio-8080-exec-9] IP: 127.0.0.1 (SearchLiteInterceptor.java:25)
[2020-04-15 17:49:16,149][INFO ][http-nio-8080-exec-9] RequestTimeConsuming: 14 ms (SearchLiteInterceptor.java:31)
[2020-04-15 17:49:16,292][INFO ][http-nio-8080-exec-10] URL: http://127.0.0.1:8080/searchlite/problem/searchByString/%E5%BC%BA%E5%BA%A6%E8%AE%A1%E7%AE%97 (SearchLiteInterceptor.java:24)
[2020-04-15 17:49:16,292][INFO ][http-nio-8080-exec-10] IP: 127.0.0.1 (SearchLiteInterceptor.java:25)
[2020-04-15 17:49:16,309][INFO ][http-nio-8080-exec-10] RequestTimeConsuming: 18 ms (SearchLiteInterceptor.java:31)
[2020-04-15 17:49:35,788][INFO ][Thread-3] Shutting down ExecutorService 'applicationTaskExecutor' (ExecutorConfigurationSupport.java:208)
[2020-04-15 17:49:35,789][INFO ][Thread-3] [Producer clientId=producer-1] Closing the Kafka producer with timeoutMillis = 30000 ms. (KafkaProducer.java:1090)
[2020-04-15 17:49:35,802][INFO ][Thread-3] HikariPool-1 - Shutdown initiated... (HikariDataSource.java:350)
[2020-04-15 17:49:35,814][INFO ][Thread-3] HikariPool-1 - Shutdown completed. (HikariDataSource.java:352)
